2024-12-09 11:47:23,583 - INFO - Beginning node creation process...
2024-12-09 11:47:23,586 - INFO - Processing document: 920-3000 20230321_Brochure-WebSize.pdf
2024-12-09 11:47:23,588 - INFO - Created 5 nodes for page 1
2024-12-09 11:47:23,590 - INFO - Created 8 nodes for page 2
2024-12-09 11:47:23,591 - INFO - Created 5 nodes for page 3
2024-12-09 11:47:23,592 - INFO - Created 6 nodes for page 4
2024-12-09 11:47:23,593 - INFO - Created 6 nodes for page 5
2024-12-09 11:47:23,594 - INFO - Created 7 nodes for page 6
2024-12-09 11:47:23,596 - INFO - Created 6 nodes for page 7
2024-12-09 11:47:23,597 - INFO - Created 7 nodes for page 8
2024-12-09 11:47:23,598 - INFO - Created 8 nodes for page 9
2024-12-09 11:47:23,599 - INFO - Created 6 nodes for page 10
2024-12-09 11:47:23,600 - INFO - Created 8 nodes for page 11
2024-12-09 11:47:23,601 - INFO - Created 7 nodes for page 12
2024-12-09 11:47:23,602 - INFO - Created 7 nodes for page 13
2024-12-09 11:47:23,603 - INFO - Created 8 nodes for page 14
2024-12-09 11:47:23,604 - INFO - Created 6 nodes for page 15
2024-12-09 11:47:23,605 - INFO - Created 8 nodes for page 16
2024-12-09 11:47:23,607 - INFO - Created 7 nodes for page 17
2024-12-09 11:47:23,608 - INFO - Created 8 nodes for page 18
2024-12-09 11:47:23,609 - INFO - Created 9 nodes for page 19
2024-12-09 11:47:23,609 - INFO - Created 8 nodes for page 20
2024-12-09 11:47:23,611 - INFO - Created 7 nodes for page 21
2024-12-09 11:47:23,612 - INFO - Created 4 nodes for page 22
2024-12-09 11:47:23,613 - INFO - Created 6 nodes for page 23
2024-12-09 11:47:23,614 - INFO - Created 7 nodes for page 24
2024-12-09 11:47:23,615 - INFO - Created 8 nodes for page 25
2024-12-09 11:47:23,615 - INFO - Created 5 nodes for page 26
2024-12-09 11:47:23,616 - INFO - Created 9 nodes for page 27
2024-12-09 11:47:23,617 - INFO - Created 5 nodes for page 28
2024-12-09 11:47:23,618 - INFO - Created 5 nodes for page 29
2024-12-09 11:47:23,619 - INFO - Created 4 nodes for page 30
2024-12-09 11:47:23,621 - INFO - Created 5 nodes for page 31
2024-12-09 11:47:23,621 - INFO - Created 4 nodes for page 32
2024-12-09 11:47:23,629 - INFO - Saved complete nodes to node_outputs/second_pipeline_nodes.pkl
2024-12-09 11:47:23,630 - INFO - Saved detailed summary to node_outputs/second_pipeline_summary.json
2024-12-09 15:23:27,151 - INFO - Beginning node creation process...
2024-12-09 15:23:27,155 - INFO - Processing document: 920-3000 20230321_Brochure-WebSize.pdf
2024-12-09 15:23:27,155 - WARNING - No image file found for page 1 of 920-3000 20230321_Brochure-WebSize.pdf
2024-12-09 15:23:27,158 - INFO - Created 11 nodes for page 1
2024-12-09 15:23:27,158 - WARNING - No image file found for page 2 of 920-3000 20230321_Brochure-WebSize.pdf
2024-12-09 15:23:27,159 - INFO - Created 6 nodes for page 2
2024-12-09 15:23:27,159 - WARNING - No image file found for page 3 of 920-3000 20230321_Brochure-WebSize.pdf
2024-12-09 15:23:27,160 - INFO - Created 5 nodes for page 3
2024-12-09 15:23:27,161 - WARNING - No image file found for page 4 of 920-3000 20230321_Brochure-WebSize.pdf
2024-12-09 15:23:27,163 - INFO - Created 11 nodes for page 4
2024-12-09 15:23:27,163 - WARNING - No image file found for page 5 of 920-3000 20230321_Brochure-WebSize.pdf
2024-12-09 15:23:27,164 - INFO - Created 6 nodes for page 5
2024-12-09 15:23:27,164 - WARNING - No image file found for page 6 of 920-3000 20230321_Brochure-WebSize.pdf
2024-12-09 15:23:27,166 - INFO - Created 11 nodes for page 6
2024-12-09 15:23:27,166 - WARNING - No image file found for page 7 of 920-3000 20230321_Brochure-WebSize.pdf
2024-12-09 15:23:27,167 - INFO - Created 5 nodes for page 7
2024-12-09 15:23:27,167 - WARNING - No image file found for page 8 of 920-3000 20230321_Brochure-WebSize.pdf
2024-12-09 15:23:27,168 - INFO - Created 5 nodes for page 8
2024-12-09 15:23:27,169 - WARNING - No image file found for page 9 of 920-3000 20230321_Brochure-WebSize.pdf
2024-12-09 15:23:27,170 - INFO - Created 6 nodes for page 9
2024-12-09 15:23:27,170 - WARNING - No image file found for page 10 of 920-3000 20230321_Brochure-WebSize.pdf
2024-12-09 15:23:27,171 - INFO - Created 6 nodes for page 10
2024-12-09 15:23:27,171 - WARNING - No image file found for page 11 of 920-3000 20230321_Brochure-WebSize.pdf
2024-12-09 15:23:27,173 - INFO - Created 12 nodes for page 11
2024-12-09 15:23:27,174 - WARNING - No image file found for page 12 of 920-3000 20230321_Brochure-WebSize.pdf
2024-12-09 15:23:27,176 - INFO - Created 11 nodes for page 12
2024-12-09 15:23:27,176 - WARNING - No image file found for page 13 of 920-3000 20230321_Brochure-WebSize.pdf
2024-12-09 15:23:27,177 - INFO - Created 7 nodes for page 13
2024-12-09 15:23:27,177 - WARNING - No image file found for page 14 of 920-3000 20230321_Brochure-WebSize.pdf
2024-12-09 15:23:27,179 - INFO - Created 9 nodes for page 14
2024-12-09 15:23:27,179 - WARNING - No image file found for page 15 of 920-3000 20230321_Brochure-WebSize.pdf
2024-12-09 15:23:27,180 - INFO - Created 5 nodes for page 15
2024-12-09 15:23:27,180 - WARNING - No image file found for page 16 of 920-3000 20230321_Brochure-WebSize.pdf
2024-12-09 15:23:27,182 - INFO - Created 9 nodes for page 16
2024-12-09 15:23:27,182 - WARNING - No image file found for page 17 of 920-3000 20230321_Brochure-WebSize.pdf
2024-12-09 15:23:27,183 - INFO - Created 5 nodes for page 17
2024-12-09 15:23:27,183 - WARNING - No image file found for page 18 of 920-3000 20230321_Brochure-WebSize.pdf
2024-12-09 15:23:27,184 - INFO - Created 8 nodes for page 18
2024-12-09 15:23:27,184 - WARNING - No image file found for page 19 of 920-3000 20230321_Brochure-WebSize.pdf
2024-12-09 15:23:27,185 - INFO - Created 6 nodes for page 19
2024-12-09 15:23:27,186 - WARNING - No image file found for page 20 of 920-3000 20230321_Brochure-WebSize.pdf
2024-12-09 15:23:27,187 - INFO - Created 8 nodes for page 20
2024-12-09 15:23:27,187 - WARNING - No image file found for page 21 of 920-3000 20230321_Brochure-WebSize.pdf
2024-12-09 15:23:27,189 - INFO - Created 8 nodes for page 21
2024-12-09 15:23:27,189 - WARNING - No image file found for page 22 of 920-3000 20230321_Brochure-WebSize.pdf
2024-12-09 15:23:27,190 - INFO - Created 4 nodes for page 22
2024-12-09 15:23:27,190 - WARNING - No image file found for page 23 of 920-3000 20230321_Brochure-WebSize.pdf
2024-12-09 15:23:27,191 - INFO - Created 8 nodes for page 23
2024-12-09 15:23:27,192 - WARNING - No image file found for page 24 of 920-3000 20230321_Brochure-WebSize.pdf
2024-12-09 15:23:27,192 - INFO - Created 4 nodes for page 24
2024-12-09 15:23:27,192 - WARNING - No image file found for page 25 of 920-3000 20230321_Brochure-WebSize.pdf
2024-12-09 15:23:27,194 - INFO - Created 7 nodes for page 25
2024-12-09 15:23:27,194 - WARNING - No image file found for page 26 of 920-3000 20230321_Brochure-WebSize.pdf
2024-12-09 15:23:27,195 - INFO - Created 8 nodes for page 26
2024-12-09 15:23:27,196 - WARNING - No image file found for page 27 of 920-3000 20230321_Brochure-WebSize.pdf
2024-12-09 15:23:27,197 - INFO - Created 6 nodes for page 27
2024-12-09 15:23:27,197 - WARNING - No image file found for page 28 of 920-3000 20230321_Brochure-WebSize.pdf
2024-12-09 15:23:27,198 - INFO - Created 11 nodes for page 28
2024-12-09 15:23:27,199 - WARNING - No image file found for page 29 of 920-3000 20230321_Brochure-WebSize.pdf
2024-12-09 15:23:27,199 - INFO - Created 5 nodes for page 29
2024-12-09 15:23:27,200 - WARNING - No image file found for page 30 of 920-3000 20230321_Brochure-WebSize.pdf
2024-12-09 15:23:27,201 - INFO - Created 11 nodes for page 30
2024-12-09 15:23:27,202 - WARNING - No image file found for page 31 of 920-3000 20230321_Brochure-WebSize.pdf
2024-12-09 15:23:27,203 - INFO - Created 5 nodes for page 31
2024-12-09 15:23:27,203 - WARNING - No image file found for page 32 of 920-3000 20230321_Brochure-WebSize.pdf
2024-12-09 15:23:27,204 - INFO - Created 4 nodes for page 32
2024-12-09 15:23:27,211 - INFO - Saved complete nodes to node_outputs/third_pipeline_nodes.pkl
2024-12-09 15:23:27,211 - INFO - Saved detailed summary to node_outputs/third_pipeline_summary.json
2024-12-09 16:03:54,336 - INFO - Beginning node creation process...
2024-12-09 16:03:54,340 - INFO - Processing document: 920-3000 20230321_Brochure-WebSize.pdf
2024-12-09 16:03:54,340 - WARNING - No image file found for page 1 of 920-3000 20230321_Brochure-WebSize.pdf
2024-12-09 16:03:54,342 - INFO - Created 1 nodes for page 1
2024-12-09 16:03:54,342 - WARNING - No image file found for page 2 of 920-3000 20230321_Brochure-WebSize.pdf
2024-12-09 16:03:54,343 - INFO - Created 1 nodes for page 2
2024-12-09 16:03:54,343 - WARNING - No image file found for page 3 of 920-3000 20230321_Brochure-WebSize.pdf
2024-12-09 16:03:54,344 - INFO - Created 1 nodes for page 3
2024-12-09 16:03:54,344 - WARNING - No image file found for page 4 of 920-3000 20230321_Brochure-WebSize.pdf
2024-12-09 16:03:54,345 - INFO - Created 1 nodes for page 4
2024-12-09 16:03:54,345 - WARNING - No image file found for page 5 of 920-3000 20230321_Brochure-WebSize.pdf
2024-12-09 16:03:54,346 - INFO - Created 1 nodes for page 5
2024-12-09 16:03:54,346 - WARNING - No image file found for page 6 of 920-3000 20230321_Brochure-WebSize.pdf
2024-12-09 16:03:54,346 - INFO - Created 1 nodes for page 6
2024-12-09 16:03:54,347 - WARNING - No image file found for page 7 of 920-3000 20230321_Brochure-WebSize.pdf
2024-12-09 16:03:54,347 - INFO - Created 1 nodes for page 7
2024-12-09 16:03:54,347 - WARNING - No image file found for page 8 of 920-3000 20230321_Brochure-WebSize.pdf
2024-12-09 16:03:54,348 - INFO - Created 1 nodes for page 8
2024-12-09 16:03:54,348 - WARNING - No image file found for page 9 of 920-3000 20230321_Brochure-WebSize.pdf
2024-12-09 16:03:54,348 - INFO - Created 1 nodes for page 9
2024-12-09 16:03:54,348 - WARNING - No image file found for page 10 of 920-3000 20230321_Brochure-WebSize.pdf
2024-12-09 16:03:54,349 - INFO - Created 1 nodes for page 10
2024-12-09 16:03:54,349 - WARNING - No image file found for page 11 of 920-3000 20230321_Brochure-WebSize.pdf
2024-12-09 16:03:54,350 - INFO - Created 1 nodes for page 11
2024-12-09 16:03:54,350 - WARNING - No image file found for page 12 of 920-3000 20230321_Brochure-WebSize.pdf
2024-12-09 16:03:54,351 - INFO - Created 1 nodes for page 12
2024-12-09 16:03:54,351 - WARNING - No image file found for page 13 of 920-3000 20230321_Brochure-WebSize.pdf
2024-12-09 16:03:54,351 - INFO - Created 1 nodes for page 13
2024-12-09 16:03:54,351 - WARNING - No image file found for page 14 of 920-3000 20230321_Brochure-WebSize.pdf
2024-12-09 16:03:54,352 - INFO - Created 1 nodes for page 14
2024-12-09 16:03:54,352 - WARNING - No image file found for page 15 of 920-3000 20230321_Brochure-WebSize.pdf
2024-12-09 16:03:54,353 - INFO - Created 1 nodes for page 15
2024-12-09 16:03:54,353 - WARNING - No image file found for page 16 of 920-3000 20230321_Brochure-WebSize.pdf
2024-12-09 16:03:54,354 - INFO - Created 1 nodes for page 16
2024-12-09 16:03:54,354 - WARNING - No image file found for page 17 of 920-3000 20230321_Brochure-WebSize.pdf
2024-12-09 16:03:54,354 - INFO - Created 1 nodes for page 17
2024-12-09 16:03:54,354 - WARNING - No image file found for page 18 of 920-3000 20230321_Brochure-WebSize.pdf
2024-12-09 16:03:54,355 - INFO - Created 1 nodes for page 18
2024-12-09 16:03:54,355 - WARNING - No image file found for page 19 of 920-3000 20230321_Brochure-WebSize.pdf
2024-12-09 16:03:54,356 - INFO - Created 1 nodes for page 19
2024-12-09 16:03:54,356 - WARNING - No image file found for page 20 of 920-3000 20230321_Brochure-WebSize.pdf
2024-12-09 16:03:54,356 - INFO - Created 1 nodes for page 20
2024-12-09 16:03:54,357 - WARNING - No image file found for page 21 of 920-3000 20230321_Brochure-WebSize.pdf
2024-12-09 16:03:54,357 - INFO - Created 1 nodes for page 21
2024-12-09 16:03:54,358 - WARNING - No image file found for page 22 of 920-3000 20230321_Brochure-WebSize.pdf
2024-12-09 16:03:54,358 - INFO - Created 1 nodes for page 22
2024-12-09 16:03:54,358 - WARNING - No image file found for page 23 of 920-3000 20230321_Brochure-WebSize.pdf
2024-12-09 16:03:54,359 - INFO - Created 1 nodes for page 23
2024-12-09 16:03:54,359 - WARNING - No image file found for page 24 of 920-3000 20230321_Brochure-WebSize.pdf
2024-12-09 16:03:54,359 - INFO - Created 1 nodes for page 24
2024-12-09 16:03:54,360 - WARNING - No image file found for page 25 of 920-3000 20230321_Brochure-WebSize.pdf
2024-12-09 16:03:54,360 - INFO - Created 1 nodes for page 25
2024-12-09 16:03:54,360 - WARNING - No image file found for page 26 of 920-3000 20230321_Brochure-WebSize.pdf
2024-12-09 16:03:54,361 - INFO - Created 1 nodes for page 26
2024-12-09 16:03:54,361 - WARNING - No image file found for page 27 of 920-3000 20230321_Brochure-WebSize.pdf
2024-12-09 16:03:54,362 - INFO - Created 1 nodes for page 27
2024-12-09 16:03:54,362 - WARNING - No image file found for page 28 of 920-3000 20230321_Brochure-WebSize.pdf
2024-12-09 16:03:54,362 - INFO - Created 1 nodes for page 28
2024-12-09 16:03:54,362 - WARNING - No image file found for page 29 of 920-3000 20230321_Brochure-WebSize.pdf
2024-12-09 16:03:54,363 - INFO - Created 1 nodes for page 29
2024-12-09 16:03:54,363 - WARNING - No image file found for page 30 of 920-3000 20230321_Brochure-WebSize.pdf
2024-12-09 16:03:54,364 - INFO - Created 1 nodes for page 30
2024-12-09 16:03:54,364 - WARNING - No image file found for page 31 of 920-3000 20230321_Brochure-WebSize.pdf
2024-12-09 16:03:54,364 - INFO - Created 1 nodes for page 31
2024-12-09 16:03:54,365 - WARNING - No image file found for page 32 of 920-3000 20230321_Brochure-WebSize.pdf
2024-12-09 16:03:54,365 - INFO - Created 1 nodes for page 32
2024-12-09 16:03:54,368 - INFO - Saved complete nodes to node_outputs/fourth_pipeline_nodes.pkl
2024-12-09 16:03:54,368 - INFO - Saved detailed summary to node_outputs/fourth_pipeline_summary.json
2024-12-09 16:26:20,335 - INFO - Beginning node creation process...
2024-12-09 16:26:20,339 - INFO - Processing document: 920-3000 20230321_Brochure-WebSize.pdf
2024-12-09 16:26:20,339 - ERROR - Node creation failed: 'TextNodeCreator' object has no attribute '_process_content'
2024-12-09 16:27:46,981 - INFO - Beginning node creation process...
2024-12-09 16:27:46,985 - INFO - Processing document: 920-3000 20230321_Brochure-WebSize.pdf
2024-12-09 16:27:46,988 - INFO - Created 4 nodes for page 1
2024-12-09 16:27:46,992 - INFO - Created 11 nodes for page 2
2024-12-09 16:27:46,993 - INFO - Created 5 nodes for page 3
2024-12-09 16:27:46,996 - INFO - Created 8 nodes for page 4
2024-12-09 16:27:46,998 - INFO - Created 6 nodes for page 5
2024-12-09 16:27:47,000 - INFO - Created 5 nodes for page 6
2024-12-09 16:27:47,001 - INFO - Created 5 nodes for page 7
2024-12-09 16:27:47,003 - INFO - Created 5 nodes for page 8
2024-12-09 16:27:47,004 - INFO - Created 6 nodes for page 9
2024-12-09 16:27:47,008 - INFO - Created 11 nodes for page 10
2024-12-09 16:27:47,011 - INFO - Created 9 nodes for page 11
2024-12-09 16:27:47,013 - INFO - Created 6 nodes for page 12
2024-12-09 16:27:47,015 - INFO - Created 5 nodes for page 13
2024-12-09 16:27:47,016 - INFO - Created 5 nodes for page 14
2024-12-09 16:27:47,018 - INFO - Created 5 nodes for page 15
2024-12-09 16:27:47,021 - INFO - Created 9 nodes for page 16
2024-12-09 16:27:47,022 - INFO - Created 5 nodes for page 17
2024-12-09 16:27:47,024 - INFO - Created 6 nodes for page 18
2024-12-09 16:27:47,025 - INFO - Created 5 nodes for page 19
2024-12-09 16:27:47,027 - INFO - Created 6 nodes for page 20
2024-12-09 16:27:47,030 - INFO - Created 9 nodes for page 21
2024-12-09 16:27:47,031 - INFO - Created 5 nodes for page 22
2024-12-09 16:27:47,033 - INFO - Created 5 nodes for page 23
2024-12-09 16:27:47,034 - INFO - Created 5 nodes for page 24
2024-12-09 16:27:47,036 - INFO - Created 5 nodes for page 25
2024-12-09 16:27:47,039 - INFO - Created 9 nodes for page 26
2024-12-09 16:27:47,040 - INFO - Created 5 nodes for page 27
2024-12-09 16:27:47,042 - INFO - Created 6 nodes for page 28
2024-12-09 16:27:47,044 - INFO - Created 5 nodes for page 29
2024-12-09 16:27:47,047 - INFO - Created 9 nodes for page 30
2024-12-09 16:27:47,048 - INFO - Created 5 nodes for page 31
2024-12-09 16:27:47,049 - INFO - Created 4 nodes for page 32
2024-12-09 16:27:47,060 - INFO - Saved complete nodes to node_outputs/fourth_pipeline_nodes.pkl
2024-12-09 16:27:47,060 - INFO - Saved detailed summary to node_outputs/fourth_pipeline_summary.json
2024-12-09 17:33:00,495 - INFO - Beginning node creation process...
2024-12-09 17:33:00,500 - INFO - Processing document: 920-3000 20230321_Brochure-WebSize.pdf
2024-12-09 17:33:00,503 - ERROR - Error processing content: 'HierarchicalConfig' object has no attribute 'header_patterns'
2024-12-09 17:33:00,503 - ERROR - Node creation failed: Error processing content: 'HierarchicalConfig' object has no attribute 'header_patterns'
2024-12-09 17:35:08,748 - INFO - Beginning node creation process...
2024-12-09 17:35:08,751 - INFO - Processing document: 920-3000 20230321_Brochure-WebSize.pdf
2024-12-09 17:35:08,754 - ERROR - Error processing content: name 're' is not defined
2024-12-09 17:35:08,754 - ERROR - Node creation failed: Error processing content: name 're' is not defined
2024-12-09 17:36:16,227 - INFO - Beginning node creation process...
2024-12-09 17:36:16,230 - INFO - Processing document: 920-3000 20230321_Brochure-WebSize.pdf
2024-12-09 17:36:16,233 - INFO - Created 3 nodes for page 1
2024-12-09 17:36:16,237 - INFO - Created 9 nodes for page 2
2024-12-09 17:36:16,238 - INFO - Created 4 nodes for page 3
2024-12-09 17:36:16,241 - INFO - Created 6 nodes for page 4
2024-12-09 17:36:16,242 - INFO - Created 4 nodes for page 5
2024-12-09 17:36:16,244 - INFO - Created 4 nodes for page 6
2024-12-09 17:36:16,245 - INFO - Created 4 nodes for page 7
2024-12-09 17:36:16,246 - INFO - Created 4 nodes for page 8
2024-12-09 17:36:16,248 - INFO - Created 4 nodes for page 9
2024-12-09 17:36:16,251 - INFO - Created 9 nodes for page 10
2024-12-09 17:36:16,254 - INFO - Created 6 nodes for page 11
2024-12-09 17:36:16,255 - INFO - Created 4 nodes for page 12
2024-12-09 17:36:16,257 - INFO - Created 4 nodes for page 13
2024-12-09 17:36:16,258 - INFO - Created 4 nodes for page 14
2024-12-09 17:36:16,259 - INFO - Created 4 nodes for page 15
2024-12-09 17:36:16,263 - INFO - Created 6 nodes for page 16
2024-12-09 17:36:16,264 - INFO - Created 3 nodes for page 17
2024-12-09 17:36:16,266 - INFO - Created 4 nodes for page 18
2024-12-09 17:36:16,267 - INFO - Created 4 nodes for page 19
2024-12-09 17:36:16,269 - INFO - Created 4 nodes for page 20
2024-12-09 17:36:16,272 - INFO - Created 8 nodes for page 21
2024-12-09 17:36:16,273 - INFO - Created 4 nodes for page 22
2024-12-09 17:36:16,275 - INFO - Created 4 nodes for page 23
2024-12-09 17:36:16,276 - INFO - Created 3 nodes for page 24
2024-12-09 17:36:16,277 - INFO - Created 4 nodes for page 25
2024-12-09 17:36:16,280 - INFO - Created 6 nodes for page 26
2024-12-09 17:36:16,281 - INFO - Created 4 nodes for page 27
2024-12-09 17:36:16,283 - INFO - Created 4 nodes for page 28
2024-12-09 17:36:16,284 - INFO - Created 4 nodes for page 29
2024-12-09 17:36:16,287 - INFO - Created 6 nodes for page 30
2024-12-09 17:36:16,288 - INFO - Created 4 nodes for page 31
2024-12-09 17:36:16,289 - INFO - Created 3 nodes for page 32
2024-12-09 17:36:16,297 - INFO - Saved complete nodes to node_outputs/fifth_pipeline_nodes.pkl
2024-12-09 17:36:16,297 - INFO - Saved detailed summary to node_outputs/fifth_pipeline_summary.json
2024-12-09 17:45:42,400 - INFO - Beginning node creation process...
2024-12-09 17:45:42,405 - INFO - Processing document: 920-3000 20230321_Brochure-WebSize.pdf
2024-12-09 17:45:42,406 - INFO - Created 5 nodes for page 1
2024-12-09 17:45:42,407 - INFO - Created 6 nodes for page 2
2024-12-09 17:45:42,407 - INFO - Created 5 nodes for page 3
2024-12-09 17:45:42,407 - INFO - Created 9 nodes for page 4
2024-12-09 17:45:42,408 - INFO - Created 6 nodes for page 5
2024-12-09 17:45:42,408 - INFO - Created 6 nodes for page 6
2024-12-09 17:45:42,408 - INFO - Created 5 nodes for page 7
2024-12-09 17:45:42,409 - INFO - Created 5 nodes for page 8
2024-12-09 17:45:42,409 - INFO - Created 6 nodes for page 9
2024-12-09 17:45:42,409 - INFO - Created 6 nodes for page 10
2024-12-09 17:45:42,410 - INFO - Created 12 nodes for page 11
2024-12-09 17:45:42,410 - INFO - Created 6 nodes for page 12
2024-12-09 17:45:42,410 - INFO - Created 7 nodes for page 13
2024-12-09 17:45:42,411 - INFO - Created 6 nodes for page 14
2024-12-09 17:45:42,411 - INFO - Created 5 nodes for page 15
2024-12-09 17:45:42,411 - INFO - Created 9 nodes for page 16
2024-12-09 17:45:42,412 - INFO - Created 5 nodes for page 17
2024-12-09 17:45:42,412 - INFO - Created 6 nodes for page 18
2024-12-09 17:45:42,412 - INFO - Created 6 nodes for page 19
2024-12-09 17:45:42,413 - INFO - Created 6 nodes for page 20
2024-12-09 17:45:42,413 - INFO - Created 8 nodes for page 21
2024-12-09 17:45:42,413 - INFO - Created 4 nodes for page 22
2024-12-09 17:45:42,413 - INFO - Created 8 nodes for page 23
2024-12-09 17:45:42,414 - INFO - Created 4 nodes for page 24
2024-12-09 17:45:42,414 - INFO - Created 7 nodes for page 25
2024-12-09 17:45:42,415 - INFO - Created 7 nodes for page 26
2024-12-09 17:45:42,415 - INFO - Created 6 nodes for page 27
2024-12-09 17:45:42,416 - INFO - Created 6 nodes for page 28
2024-12-09 17:45:42,416 - INFO - Created 5 nodes for page 29
2024-12-09 17:45:42,416 - INFO - Created 9 nodes for page 30
2024-12-09 17:45:42,417 - INFO - Created 5 nodes for page 31
2024-12-09 17:45:42,417 - INFO - Created 4 nodes for page 32
2024-12-09 17:45:42,425 - INFO - Saved complete nodes to node_outputs/fifth_pipeline_nodes.pkl
2024-12-09 17:45:42,425 - INFO - Saved detailed summary to node_outputs/fifth_pipeline_summary.json
2024-12-09 17:46:03,473 - INFO - Beginning node creation process...
2024-12-09 17:46:03,476 - INFO - Processing document: 920-3000 20230321_Brochure-WebSize.pdf
2024-12-09 17:46:03,477 - INFO - Created 5 nodes for page 1
2024-12-09 17:46:03,478 - INFO - Created 6 nodes for page 2
2024-12-09 17:46:03,478 - INFO - Created 5 nodes for page 3
2024-12-09 17:46:03,478 - INFO - Created 9 nodes for page 4
2024-12-09 17:46:03,479 - INFO - Created 6 nodes for page 5
2024-12-09 17:46:03,479 - INFO - Created 6 nodes for page 6
2024-12-09 17:46:03,479 - INFO - Created 5 nodes for page 7
2024-12-09 17:46:03,480 - INFO - Created 5 nodes for page 8
2024-12-09 17:46:03,480 - INFO - Created 6 nodes for page 9
2024-12-09 17:46:03,480 - INFO - Created 6 nodes for page 10
2024-12-09 17:46:03,481 - INFO - Created 12 nodes for page 11
2024-12-09 17:46:03,481 - INFO - Created 6 nodes for page 12
2024-12-09 17:46:03,481 - INFO - Created 7 nodes for page 13
2024-12-09 17:46:03,482 - INFO - Created 6 nodes for page 14
2024-12-09 17:46:03,482 - INFO - Created 5 nodes for page 15
2024-12-09 17:46:03,482 - INFO - Created 9 nodes for page 16
2024-12-09 17:46:03,483 - INFO - Created 5 nodes for page 17
2024-12-09 17:46:03,483 - INFO - Created 6 nodes for page 18
2024-12-09 17:46:03,483 - INFO - Created 6 nodes for page 19
2024-12-09 17:46:03,484 - INFO - Created 6 nodes for page 20
2024-12-09 17:46:03,484 - INFO - Created 8 nodes for page 21
2024-12-09 17:46:03,484 - INFO - Created 4 nodes for page 22
2024-12-09 17:46:03,484 - INFO - Created 8 nodes for page 23
2024-12-09 17:46:03,485 - INFO - Created 4 nodes for page 24
2024-12-09 17:46:03,485 - INFO - Created 7 nodes for page 25
2024-12-09 17:46:03,486 - INFO - Created 7 nodes for page 26
2024-12-09 17:46:03,486 - INFO - Created 6 nodes for page 27
2024-12-09 17:46:03,486 - INFO - Created 6 nodes for page 28
2024-12-09 17:46:03,487 - INFO - Created 5 nodes for page 29
2024-12-09 17:46:03,487 - INFO - Created 9 nodes for page 30
2024-12-09 17:46:03,487 - INFO - Created 5 nodes for page 31
2024-12-09 17:46:03,488 - INFO - Created 4 nodes for page 32
2024-12-09 17:46:03,492 - INFO - Saved complete nodes to node_outputs/fifth_pipeline_nodes.pkl
2024-12-09 17:46:03,492 - INFO - Saved detailed summary to node_outputs/fifth_pipeline_summary.json
2024-12-09 17:51:54,546 - INFO - Beginning node creation process...
2024-12-09 17:51:54,549 - INFO - Processing document: 920-3000 20230321_Brochure-WebSize.pdf
2024-12-09 17:51:54,550 - INFO - Created 5 nodes for page 1
2024-12-09 17:51:54,551 - INFO - Created 6 nodes for page 2
2024-12-09 17:51:54,551 - INFO - Created 5 nodes for page 3
2024-12-09 17:51:54,551 - INFO - Created 9 nodes for page 4
2024-12-09 17:51:54,552 - INFO - Created 6 nodes for page 5
2024-12-09 17:51:54,552 - INFO - Created 6 nodes for page 6
2024-12-09 17:51:54,552 - INFO - Created 5 nodes for page 7
2024-12-09 17:51:54,553 - INFO - Created 5 nodes for page 8
2024-12-09 17:51:54,553 - INFO - Created 6 nodes for page 9
2024-12-09 17:51:54,553 - INFO - Created 6 nodes for page 10
2024-12-09 17:51:54,554 - INFO - Created 12 nodes for page 11
2024-12-09 17:51:54,554 - INFO - Created 6 nodes for page 12
2024-12-09 17:51:54,554 - INFO - Created 7 nodes for page 13
2024-12-09 17:51:54,555 - INFO - Created 6 nodes for page 14
2024-12-09 17:51:54,555 - INFO - Created 5 nodes for page 15
2024-12-09 17:51:54,555 - INFO - Created 9 nodes for page 16
2024-12-09 17:51:54,556 - INFO - Created 5 nodes for page 17
2024-12-09 17:51:54,556 - INFO - Created 6 nodes for page 18
2024-12-09 17:51:54,556 - INFO - Created 6 nodes for page 19
2024-12-09 17:51:54,556 - INFO - Created 6 nodes for page 20
2024-12-09 17:51:54,557 - INFO - Created 8 nodes for page 21
2024-12-09 17:51:54,557 - INFO - Created 4 nodes for page 22
2024-12-09 17:51:54,557 - INFO - Created 8 nodes for page 23
2024-12-09 17:51:54,558 - INFO - Created 4 nodes for page 24
2024-12-09 17:51:54,558 - INFO - Created 7 nodes for page 25
2024-12-09 17:51:54,559 - INFO - Created 7 nodes for page 26
2024-12-09 17:51:54,559 - INFO - Created 6 nodes for page 27
2024-12-09 17:51:54,559 - INFO - Created 6 nodes for page 28
2024-12-09 17:51:54,560 - INFO - Created 5 nodes for page 29
2024-12-09 17:51:54,560 - INFO - Created 9 nodes for page 30
2024-12-09 17:51:54,560 - INFO - Created 5 nodes for page 31
2024-12-09 17:51:54,560 - INFO - Created 4 nodes for page 32
2024-12-09 17:51:54,565 - INFO - Saved complete nodes to node_outputs/fifth_pipeline_nodes.pkl
2024-12-09 17:51:54,565 - INFO - Saved detailed summary to node_outputs/fifth_pipeline_summary.json
2024-12-09 18:33:47,503 - INFO - Beginning node creation process...
2024-12-09 18:33:47,507 - INFO - Processing document: 920-3000 20230321_Brochure-WebSize.pdf
2024-12-09 18:33:47,508 - INFO - Created 5 nodes for page 1
2024-12-09 18:33:47,508 - INFO - Created 6 nodes for page 2
2024-12-09 18:33:47,508 - INFO - Created 5 nodes for page 3
2024-12-09 18:33:47,509 - INFO - Created 9 nodes for page 4
2024-12-09 18:33:47,509 - INFO - Created 6 nodes for page 5
2024-12-09 18:33:47,510 - INFO - Created 6 nodes for page 6
2024-12-09 18:33:47,510 - INFO - Created 5 nodes for page 7
2024-12-09 18:33:47,511 - INFO - Created 5 nodes for page 8
2024-12-09 18:33:47,511 - INFO - Created 6 nodes for page 9
2024-12-09 18:33:47,511 - INFO - Created 6 nodes for page 10
2024-12-09 18:33:47,512 - INFO - Created 12 nodes for page 11
2024-12-09 18:33:47,512 - INFO - Created 6 nodes for page 12
2024-12-09 18:33:47,512 - INFO - Created 7 nodes for page 13
2024-12-09 18:33:47,513 - INFO - Created 6 nodes for page 14
2024-12-09 18:33:47,513 - INFO - Created 5 nodes for page 15
2024-12-09 18:33:47,514 - INFO - Created 9 nodes for page 16
2024-12-09 18:33:47,514 - INFO - Created 5 nodes for page 17
2024-12-09 18:33:47,514 - INFO - Created 6 nodes for page 18
2024-12-09 18:33:47,515 - INFO - Created 6 nodes for page 19
2024-12-09 18:33:47,515 - INFO - Created 6 nodes for page 20
2024-12-09 18:33:47,515 - INFO - Created 8 nodes for page 21
2024-12-09 18:33:47,516 - INFO - Created 4 nodes for page 22
2024-12-09 18:33:47,516 - INFO - Created 8 nodes for page 23
2024-12-09 18:33:47,517 - INFO - Created 4 nodes for page 24
2024-12-09 18:33:47,517 - INFO - Created 7 nodes for page 25
2024-12-09 18:33:47,518 - INFO - Created 7 nodes for page 26
2024-12-09 18:33:47,518 - INFO - Created 6 nodes for page 27
2024-12-09 18:33:47,518 - INFO - Created 6 nodes for page 28
2024-12-09 18:33:47,519 - INFO - Created 5 nodes for page 29
2024-12-09 18:33:47,519 - INFO - Created 9 nodes for page 30
2024-12-09 18:33:47,520 - INFO - Created 5 nodes for page 31
2024-12-09 18:33:47,520 - INFO - Created 4 nodes for page 32
2024-12-09 18:33:47,524 - INFO - Saved complete nodes to node_outputs/fifth_pipeline_nodes.pkl
2024-12-09 18:33:47,524 - INFO - Saved detailed summary to node_outputs/fifth_pipeline_summary.json
2024-12-09 18:49:05,006 - INFO - Beginning node creation process...
2024-12-09 18:49:05,009 - INFO - Processing document: 920-3000 20230321_Brochure-WebSize.pdf
2024-12-09 18:49:05,010 - INFO - Created 5 nodes for page 1
2024-12-09 18:49:05,011 - INFO - Created 6 nodes for page 2
2024-12-09 18:49:05,011 - INFO - Created 5 nodes for page 3
2024-12-09 18:49:05,012 - INFO - Created 9 nodes for page 4
2024-12-09 18:49:05,012 - INFO - Created 6 nodes for page 5
2024-12-09 18:49:05,013 - INFO - Created 6 nodes for page 6
2024-12-09 18:49:05,013 - INFO - Created 5 nodes for page 7
2024-12-09 18:49:05,014 - INFO - Created 5 nodes for page 8
2024-12-09 18:49:05,015 - INFO - Created 6 nodes for page 9
2024-12-09 18:49:05,015 - INFO - Created 6 nodes for page 10
2024-12-09 18:49:05,015 - INFO - Created 12 nodes for page 11
2024-12-09 18:49:05,016 - INFO - Created 6 nodes for page 12
2024-12-09 18:49:05,016 - INFO - Created 7 nodes for page 13
2024-12-09 18:49:05,017 - INFO - Created 6 nodes for page 14
2024-12-09 18:49:05,018 - INFO - Created 5 nodes for page 15
2024-12-09 18:49:05,018 - INFO - Created 9 nodes for page 16
2024-12-09 18:49:05,018 - INFO - Created 5 nodes for page 17
2024-12-09 18:49:05,019 - INFO - Created 6 nodes for page 18
2024-12-09 18:49:05,019 - INFO - Created 6 nodes for page 19
2024-12-09 18:49:05,020 - INFO - Created 6 nodes for page 20
2024-12-09 18:49:05,021 - INFO - Created 8 nodes for page 21
2024-12-09 18:49:05,024 - INFO - Created 4 nodes for page 22
2024-12-09 18:49:05,025 - INFO - Created 8 nodes for page 23
2024-12-09 18:49:05,025 - INFO - Created 4 nodes for page 24
2024-12-09 18:49:05,026 - INFO - Created 7 nodes for page 25
2024-12-09 18:49:05,027 - INFO - Created 7 nodes for page 26
2024-12-09 18:49:05,028 - INFO - Created 6 nodes for page 27
2024-12-09 18:49:05,029 - INFO - Created 6 nodes for page 28
2024-12-09 18:49:05,029 - INFO - Created 5 nodes for page 29
2024-12-09 18:49:05,030 - INFO - Created 9 nodes for page 30
2024-12-09 18:49:05,031 - INFO - Created 5 nodes for page 31
2024-12-09 18:49:05,031 - INFO - Created 4 nodes for page 32
2024-12-09 18:49:05,038 - INFO - Saved complete nodes to node_outputs/fifth_pipeline_nodes.pkl
2024-12-09 18:49:05,038 - INFO - Saved detailed summary to node_outputs/fifth_pipeline_summary.json
2024-12-09 18:54:17,589 - INFO - Beginning node creation process...
2024-12-09 18:54:17,593 - INFO - Processing document: 920-3000 20230321_Brochure-WebSize.pdf
2024-12-09 18:54:17,594 - INFO - Created 5 nodes for page 1
2024-12-09 18:54:17,594 - INFO - Created 6 nodes for page 2
2024-12-09 18:54:17,594 - INFO - Created 5 nodes for page 3
2024-12-09 18:54:17,595 - INFO - Created 9 nodes for page 4
2024-12-09 18:54:17,595 - INFO - Created 6 nodes for page 5
2024-12-09 18:54:17,595 - INFO - Created 6 nodes for page 6
2024-12-09 18:54:17,595 - INFO - Created 5 nodes for page 7
2024-12-09 18:54:17,595 - INFO - Created 5 nodes for page 8
2024-12-09 18:54:17,596 - INFO - Created 6 nodes for page 9
2024-12-09 18:54:17,596 - INFO - Created 6 nodes for page 10
2024-12-09 18:54:17,596 - INFO - Created 12 nodes for page 11
2024-12-09 18:54:17,596 - INFO - Created 6 nodes for page 12
2024-12-09 18:54:17,597 - INFO - Created 7 nodes for page 13
2024-12-09 18:54:17,597 - INFO - Created 6 nodes for page 14
2024-12-09 18:54:17,597 - INFO - Created 5 nodes for page 15
2024-12-09 18:54:17,597 - INFO - Created 9 nodes for page 16
2024-12-09 18:54:17,597 - INFO - Created 5 nodes for page 17
2024-12-09 18:54:17,598 - INFO - Created 6 nodes for page 18
2024-12-09 18:54:17,598 - INFO - Created 6 nodes for page 19
2024-12-09 18:54:17,598 - INFO - Created 6 nodes for page 20
2024-12-09 18:54:17,598 - INFO - Created 8 nodes for page 21
2024-12-09 18:54:17,598 - INFO - Created 4 nodes for page 22
2024-12-09 18:54:17,599 - INFO - Created 8 nodes for page 23
2024-12-09 18:54:17,599 - INFO - Created 4 nodes for page 24
2024-12-09 18:54:17,599 - INFO - Created 7 nodes for page 25
2024-12-09 18:54:17,600 - INFO - Created 7 nodes for page 26
2024-12-09 18:54:17,600 - INFO - Created 6 nodes for page 27
2024-12-09 18:54:17,601 - INFO - Created 6 nodes for page 28
2024-12-09 18:54:17,601 - INFO - Created 5 nodes for page 29
2024-12-09 18:54:17,601 - INFO - Created 9 nodes for page 30
2024-12-09 18:54:17,601 - INFO - Created 5 nodes for page 31
2024-12-09 18:54:17,601 - INFO - Created 4 nodes for page 32
2024-12-09 18:54:17,606 - INFO - Saved complete nodes to node_outputs/fifth_pipeline_nodes.pkl
2024-12-09 18:54:17,606 - INFO - Saved detailed summary to node_outputs/fifth_pipeline_summary.json
2024-12-10 08:15:58,943 - INFO - Beginning node creation process...
2024-12-10 08:15:58,947 - INFO - Processing document: 920-3000 20230321_Brochure-WebSize.pdf
2024-12-10 08:15:58,948 - INFO - Created 5 nodes for page 1
2024-12-10 08:15:58,948 - INFO - Created 6 nodes for page 2
2024-12-10 08:15:58,948 - INFO - Created 5 nodes for page 3
2024-12-10 08:15:58,949 - INFO - Created 9 nodes for page 4
2024-12-10 08:15:58,949 - INFO - Created 6 nodes for page 5
2024-12-10 08:15:58,949 - INFO - Created 6 nodes for page 6
2024-12-10 08:15:58,949 - INFO - Created 5 nodes for page 7
2024-12-10 08:15:58,950 - INFO - Created 5 nodes for page 8
2024-12-10 08:15:58,950 - INFO - Created 6 nodes for page 9
2024-12-10 08:15:58,950 - INFO - Created 6 nodes for page 10
2024-12-10 08:15:58,950 - INFO - Created 12 nodes for page 11
2024-12-10 08:15:58,951 - INFO - Created 6 nodes for page 12
2024-12-10 08:15:58,951 - INFO - Created 7 nodes for page 13
2024-12-10 08:15:58,951 - INFO - Created 6 nodes for page 14
2024-12-10 08:15:58,951 - INFO - Created 5 nodes for page 15
2024-12-10 08:15:58,951 - INFO - Created 9 nodes for page 16
2024-12-10 08:15:58,952 - INFO - Created 5 nodes for page 17
2024-12-10 08:15:58,952 - INFO - Created 6 nodes for page 18
2024-12-10 08:15:58,952 - INFO - Created 6 nodes for page 19
2024-12-10 08:15:58,952 - INFO - Created 6 nodes for page 20
2024-12-10 08:15:58,953 - INFO - Created 8 nodes for page 21
2024-12-10 08:15:58,953 - INFO - Created 4 nodes for page 22
2024-12-10 08:15:58,953 - INFO - Created 8 nodes for page 23
2024-12-10 08:15:58,953 - INFO - Created 4 nodes for page 24
2024-12-10 08:15:58,954 - INFO - Created 7 nodes for page 25
2024-12-10 08:15:58,954 - INFO - Created 7 nodes for page 26
2024-12-10 08:15:58,955 - INFO - Created 6 nodes for page 27
2024-12-10 08:15:58,955 - INFO - Created 6 nodes for page 28
2024-12-10 08:15:58,955 - INFO - Created 5 nodes for page 29
2024-12-10 08:15:58,955 - INFO - Created 9 nodes for page 30
2024-12-10 08:15:58,955 - INFO - Created 5 nodes for page 31
2024-12-10 08:15:58,956 - INFO - Created 4 nodes for page 32
2024-12-10 08:15:58,963 - INFO - Saved complete nodes to node_outputs/fifth_pipeline_nodes.pkl
2024-12-10 08:15:58,963 - INFO - Saved detailed summary to node_outputs/fifth_pipeline_summary.json
2024-12-10 08:16:53,364 - INFO - Beginning node creation process...
2024-12-10 08:16:53,367 - INFO - Processing document: 920-3000 20230321_Brochure-WebSize.pdf
2024-12-10 08:16:53,367 - INFO - Created 5 nodes for page 1
2024-12-10 08:16:53,368 - INFO - Created 6 nodes for page 2
2024-12-10 08:16:53,368 - INFO - Created 5 nodes for page 3
2024-12-10 08:16:53,368 - INFO - Created 9 nodes for page 4
2024-12-10 08:16:53,368 - INFO - Created 6 nodes for page 5
2024-12-10 08:16:53,369 - INFO - Created 6 nodes for page 6
2024-12-10 08:16:53,369 - INFO - Created 5 nodes for page 7
2024-12-10 08:16:53,369 - INFO - Created 5 nodes for page 8
2024-12-10 08:16:53,369 - INFO - Created 6 nodes for page 9
2024-12-10 08:16:53,369 - INFO - Created 6 nodes for page 10
2024-12-10 08:16:53,370 - INFO - Created 12 nodes for page 11
2024-12-10 08:16:53,370 - INFO - Created 6 nodes for page 12
2024-12-10 08:16:53,370 - INFO - Created 7 nodes for page 13
2024-12-10 08:16:53,370 - INFO - Created 6 nodes for page 14
2024-12-10 08:16:53,371 - INFO - Created 5 nodes for page 15
2024-12-10 08:16:53,371 - INFO - Created 9 nodes for page 16
2024-12-10 08:16:53,371 - INFO - Created 5 nodes for page 17
2024-12-10 08:16:53,371 - INFO - Created 6 nodes for page 18
2024-12-10 08:16:53,371 - INFO - Created 6 nodes for page 19
2024-12-10 08:16:53,372 - INFO - Created 6 nodes for page 20
2024-12-10 08:16:53,372 - INFO - Created 8 nodes for page 21
2024-12-10 08:16:53,372 - INFO - Created 4 nodes for page 22
2024-12-10 08:16:53,372 - INFO - Created 8 nodes for page 23
2024-12-10 08:16:53,373 - INFO - Created 4 nodes for page 24
2024-12-10 08:16:53,373 - INFO - Created 7 nodes for page 25
2024-12-10 08:16:53,373 - INFO - Created 7 nodes for page 26
2024-12-10 08:16:53,374 - INFO - Created 6 nodes for page 27
2024-12-10 08:16:53,374 - INFO - Created 6 nodes for page 28
2024-12-10 08:16:53,374 - INFO - Created 5 nodes for page 29
2024-12-10 08:16:53,374 - INFO - Created 9 nodes for page 30
2024-12-10 08:16:53,375 - INFO - Created 5 nodes for page 31
2024-12-10 08:16:53,375 - INFO - Created 4 nodes for page 32
2024-12-10 08:16:53,379 - INFO - Saved complete nodes to node_outputs/fifth_pipeline_nodes.pkl
2024-12-10 08:16:53,379 - INFO - Saved detailed summary to node_outputs/fifth_pipeline_summary.json
2024-12-10 09:33:43,999 - INFO - Beginning node creation process...
2024-12-10 09:33:44,003 - INFO - Processing document: 920-3000 20230321_Brochure-WebSize.pdf
2024-12-10 09:33:44,003 - ERROR - Error processing content: 'TextNodeCreator' object has no attribute '_extract_measurements_and_context'
2024-12-10 09:33:44,003 - ERROR - Node creation failed: Error processing content: 'TextNodeCreator' object has no attribute '_extract_measurements_and_context'
2024-12-10 09:34:58,496 - INFO - Beginning node creation process...
2024-12-10 09:34:58,499 - INFO - Processing document: 920-3000 20230321_Brochure-WebSize.pdf
2024-12-10 09:34:58,499 - INFO - Created 5 nodes for page 1
2024-12-10 09:34:58,500 - INFO - Created 6 nodes for page 2
2024-12-10 09:34:58,500 - INFO - Created 5 nodes for page 3
2024-12-10 09:34:58,500 - ERROR - Error processing content: 'TextNodeCreator' object has no attribute '_infer_measurement_type'
2024-12-10 09:34:58,500 - ERROR - Node creation failed: Error processing content: 'TextNodeCreator' object has no attribute '_infer_measurement_type'
2024-12-10 09:41:07,368 - INFO - Beginning node creation process...
2024-12-10 09:41:07,371 - INFO - Processing document: 920-3000 20230321_Brochure-WebSize.pdf
2024-12-10 09:41:07,372 - INFO - Created 5 nodes for page 1
2024-12-10 09:41:07,372 - INFO - Created 6 nodes for page 2
2024-12-10 09:41:07,372 - INFO - Created 5 nodes for page 3
2024-12-10 09:41:07,372 - INFO - Created 9 nodes for page 4
2024-12-10 09:41:07,372 - INFO - Created 6 nodes for page 5
2024-12-10 09:41:07,373 - INFO - Created 6 nodes for page 6
2024-12-10 09:41:07,373 - INFO - Created 5 nodes for page 7
2024-12-10 09:41:07,373 - INFO - Created 5 nodes for page 8
2024-12-10 09:41:07,373 - INFO - Created 6 nodes for page 9
2024-12-10 09:41:07,373 - INFO - Created 6 nodes for page 10
2024-12-10 09:41:07,374 - INFO - Created 12 nodes for page 11
2024-12-10 09:41:07,374 - INFO - Created 6 nodes for page 12
2024-12-10 09:41:07,374 - INFO - Created 7 nodes for page 13
2024-12-10 09:41:07,374 - INFO - Created 6 nodes for page 14
2024-12-10 09:41:07,374 - INFO - Created 5 nodes for page 15
2024-12-10 09:41:07,375 - INFO - Created 9 nodes for page 16
2024-12-10 09:41:07,375 - INFO - Created 5 nodes for page 17
2024-12-10 09:41:07,375 - INFO - Created 6 nodes for page 18
2024-12-10 09:41:07,375 - INFO - Created 6 nodes for page 19
2024-12-10 09:41:07,375 - INFO - Created 6 nodes for page 20
2024-12-10 09:41:07,376 - INFO - Created 8 nodes for page 21
2024-12-10 09:41:07,376 - INFO - Created 4 nodes for page 22
2024-12-10 09:41:07,376 - INFO - Created 8 nodes for page 23
2024-12-10 09:41:07,376 - INFO - Created 4 nodes for page 24
2024-12-10 09:41:07,376 - INFO - Created 7 nodes for page 25
2024-12-10 09:41:07,377 - INFO - Created 7 nodes for page 26
2024-12-10 09:41:07,377 - INFO - Created 6 nodes for page 27
2024-12-10 09:41:07,377 - INFO - Created 6 nodes for page 28
2024-12-10 09:41:07,377 - INFO - Created 5 nodes for page 29
2024-12-10 09:41:07,377 - INFO - Created 9 nodes for page 30
2024-12-10 09:41:07,378 - INFO - Created 5 nodes for page 31
2024-12-10 09:41:07,378 - INFO - Created 4 nodes for page 32
2024-12-10 09:41:07,383 - INFO - Saved nodes to node_outputs/sixth_pipeline_nodes.pkl
2024-12-10 09:41:07,383 - INFO - Saved summary to node_outputs/sixth_pipeline_summary.json
2024-12-10 09:53:11,590 - INFO - Beginning node creation process...
2024-12-10 09:53:11,593 - INFO - Processing document: 920-3000 20230321_Brochure-WebSize.pdf
2024-12-10 09:53:11,593 - INFO - Created 5 nodes for page 1
2024-12-10 09:53:11,593 - INFO - Created 6 nodes for page 2
2024-12-10 09:53:11,593 - INFO - Created 5 nodes for page 3
2024-12-10 09:53:11,593 - INFO - Created 9 nodes for page 4
2024-12-10 09:53:11,593 - INFO - Created 6 nodes for page 5
2024-12-10 09:53:11,593 - INFO - Created 6 nodes for page 6
2024-12-10 09:53:11,594 - INFO - Created 5 nodes for page 7
2024-12-10 09:53:11,594 - INFO - Created 5 nodes for page 8
2024-12-10 09:53:11,594 - INFO - Created 6 nodes for page 9
2024-12-10 09:53:11,594 - INFO - Created 6 nodes for page 10
2024-12-10 09:53:11,594 - INFO - Created 12 nodes for page 11
2024-12-10 09:53:11,594 - INFO - Created 6 nodes for page 12
2024-12-10 09:53:11,594 - INFO - Created 7 nodes for page 13
2024-12-10 09:53:11,594 - INFO - Created 6 nodes for page 14
2024-12-10 09:53:11,594 - INFO - Created 5 nodes for page 15
2024-12-10 09:53:11,594 - INFO - Created 9 nodes for page 16
2024-12-10 09:53:11,594 - INFO - Created 5 nodes for page 17
2024-12-10 09:53:11,594 - INFO - Created 6 nodes for page 18
2024-12-10 09:53:11,594 - INFO - Created 6 nodes for page 19
2024-12-10 09:53:11,594 - INFO - Created 6 nodes for page 20
2024-12-10 09:53:11,595 - INFO - Created 8 nodes for page 21
2024-12-10 09:53:11,595 - INFO - Created 4 nodes for page 22
2024-12-10 09:53:11,595 - INFO - Created 8 nodes for page 23
2024-12-10 09:53:11,595 - INFO - Created 4 nodes for page 24
2024-12-10 09:53:11,595 - INFO - Created 7 nodes for page 25
2024-12-10 09:53:11,595 - INFO - Created 7 nodes for page 26
2024-12-10 09:53:11,595 - INFO - Created 6 nodes for page 27
2024-12-10 09:53:11,595 - INFO - Created 6 nodes for page 28
2024-12-10 09:53:11,595 - INFO - Created 5 nodes for page 29
2024-12-10 09:53:11,595 - INFO - Created 9 nodes for page 30
2024-12-10 09:53:11,595 - INFO - Created 5 nodes for page 31
2024-12-10 09:53:11,595 - INFO - Created 4 nodes for page 32
2024-12-10 09:53:11,609 - INFO - Saved nodes to node_outputs/sixth_pipeline_nodes.pkl
2024-12-10 09:53:11,609 - INFO - Saved summary to node_outputs/sixth_pipeline_summary.json
2024-12-10 10:03:13,510 - INFO - Beginning node creation process...
2024-12-10 10:03:13,514 - INFO - Processing document: 920-3000 20230321_Brochure-WebSize.pdf
2024-12-10 10:03:13,514 - INFO - Created 5 nodes for page 1
2024-12-10 10:03:13,514 - INFO - Created 6 nodes for page 2
2024-12-10 10:03:13,514 - INFO - Created 5 nodes for page 3
2024-12-10 10:03:13,514 - INFO - Created 9 nodes for page 4
2024-12-10 10:03:13,514 - INFO - Created 6 nodes for page 5
2024-12-10 10:03:13,514 - INFO - Created 6 nodes for page 6
2024-12-10 10:03:13,514 - INFO - Created 5 nodes for page 7
2024-12-10 10:03:13,514 - INFO - Created 5 nodes for page 8
2024-12-10 10:03:13,514 - INFO - Created 6 nodes for page 9
2024-12-10 10:03:13,514 - INFO - Created 6 nodes for page 10
2024-12-10 10:03:13,515 - INFO - Created 12 nodes for page 11
2024-12-10 10:03:13,515 - INFO - Created 6 nodes for page 12
2024-12-10 10:03:13,515 - INFO - Created 7 nodes for page 13
2024-12-10 10:03:13,515 - INFO - Created 6 nodes for page 14
2024-12-10 10:03:13,515 - INFO - Created 5 nodes for page 15
2024-12-10 10:03:13,515 - INFO - Created 9 nodes for page 16
2024-12-10 10:03:13,515 - INFO - Created 5 nodes for page 17
2024-12-10 10:03:13,515 - INFO - Created 6 nodes for page 18
2024-12-10 10:03:13,515 - INFO - Created 6 nodes for page 19
2024-12-10 10:03:13,515 - INFO - Created 6 nodes for page 20
2024-12-10 10:03:13,515 - INFO - Created 8 nodes for page 21
2024-12-10 10:03:13,515 - INFO - Created 4 nodes for page 22
2024-12-10 10:03:13,515 - INFO - Created 8 nodes for page 23
2024-12-10 10:03:13,515 - INFO - Created 4 nodes for page 24
2024-12-10 10:03:13,516 - INFO - Created 7 nodes for page 25
2024-12-10 10:03:13,516 - INFO - Created 7 nodes for page 26
2024-12-10 10:03:13,516 - INFO - Created 6 nodes for page 27
2024-12-10 10:03:13,516 - INFO - Created 6 nodes for page 28
2024-12-10 10:03:13,516 - INFO - Created 5 nodes for page 29
2024-12-10 10:03:13,516 - INFO - Created 9 nodes for page 30
2024-12-10 10:03:13,516 - INFO - Created 5 nodes for page 31
2024-12-10 10:03:13,516 - INFO - Created 4 nodes for page 32
2024-12-10 10:03:13,523 - INFO - Saved nodes to node_outputs/sixth_pipeline_nodes.pkl
2024-12-10 10:03:13,523 - INFO - Saved summary to node_outputs/sixth_pipeline_summary.json
2024-12-10 10:10:43,252 - INFO - Beginning node creation process...
2024-12-10 10:10:43,255 - INFO - Processing document: 920-3000 20230321_Brochure-WebSize.pdf
2024-12-10 10:10:43,255 - INFO - Created 5 nodes for page 1
2024-12-10 10:10:43,256 - INFO - Created 6 nodes for page 2
2024-12-10 10:10:43,256 - INFO - Created 5 nodes for page 3
2024-12-10 10:10:43,256 - INFO - Created 9 nodes for page 4
2024-12-10 10:10:43,256 - INFO - Created 6 nodes for page 5
2024-12-10 10:10:43,256 - INFO - Created 6 nodes for page 6
2024-12-10 10:10:43,256 - INFO - Created 5 nodes for page 7
2024-12-10 10:10:43,256 - INFO - Created 5 nodes for page 8
2024-12-10 10:10:43,256 - INFO - Created 6 nodes for page 9
2024-12-10 10:10:43,256 - INFO - Created 6 nodes for page 10
2024-12-10 10:10:43,256 - INFO - Created 12 nodes for page 11
2024-12-10 10:10:43,256 - INFO - Created 6 nodes for page 12
2024-12-10 10:10:43,257 - INFO - Created 7 nodes for page 13
2024-12-10 10:10:43,257 - INFO - Created 6 nodes for page 14
2024-12-10 10:10:43,257 - INFO - Created 5 nodes for page 15
2024-12-10 10:10:43,257 - INFO - Created 9 nodes for page 16
2024-12-10 10:10:43,257 - INFO - Created 5 nodes for page 17
2024-12-10 10:10:43,257 - INFO - Created 6 nodes for page 18
2024-12-10 10:10:43,257 - INFO - Created 6 nodes for page 19
2024-12-10 10:10:43,257 - INFO - Created 6 nodes for page 20
2024-12-10 10:10:43,257 - INFO - Created 8 nodes for page 21
2024-12-10 10:10:43,257 - INFO - Created 4 nodes for page 22
2024-12-10 10:10:43,257 - INFO - Created 8 nodes for page 23
2024-12-10 10:10:43,257 - INFO - Created 4 nodes for page 24
2024-12-10 10:10:43,258 - INFO - Created 7 nodes for page 25
2024-12-10 10:10:43,258 - INFO - Created 7 nodes for page 26
2024-12-10 10:10:43,258 - INFO - Created 6 nodes for page 27
2024-12-10 10:10:43,258 - INFO - Created 6 nodes for page 28
2024-12-10 10:10:43,258 - INFO - Created 5 nodes for page 29
2024-12-10 10:10:43,258 - INFO - Created 9 nodes for page 30
2024-12-10 10:10:43,258 - INFO - Created 5 nodes for page 31
2024-12-10 10:10:43,258 - INFO - Created 4 nodes for page 32
2024-12-10 10:10:43,265 - INFO - Saved nodes to node_outputs/sixth_pipeline_nodes.pkl
2024-12-10 10:10:43,266 - INFO - Saved summary to node_outputs/sixth_pipeline_summary.json
2024-12-10 10:12:57,530 - INFO - Beginning node creation process...
2024-12-10 10:12:57,533 - INFO - Processing document: 920-3000 20230321_Brochure-WebSize.pdf
2024-12-10 10:12:57,533 - INFO - Created 5 nodes for page 1
2024-12-10 10:12:57,534 - INFO - Created 6 nodes for page 2
2024-12-10 10:12:57,534 - INFO - Created 5 nodes for page 3
2024-12-10 10:12:57,534 - INFO - Created 9 nodes for page 4
2024-12-10 10:12:57,534 - INFO - Created 6 nodes for page 5
2024-12-10 10:12:57,534 - INFO - Created 6 nodes for page 6
2024-12-10 10:12:57,534 - INFO - Created 5 nodes for page 7
2024-12-10 10:12:57,534 - INFO - Created 5 nodes for page 8
2024-12-10 10:12:57,534 - INFO - Created 6 nodes for page 9
2024-12-10 10:12:57,534 - INFO - Created 6 nodes for page 10
2024-12-10 10:12:57,534 - INFO - Created 12 nodes for page 11
2024-12-10 10:12:57,534 - INFO - Created 6 nodes for page 12
2024-12-10 10:12:57,534 - INFO - Created 7 nodes for page 13
2024-12-10 10:12:57,534 - INFO - Created 6 nodes for page 14
2024-12-10 10:12:57,535 - INFO - Created 5 nodes for page 15
2024-12-10 10:12:57,535 - INFO - Created 9 nodes for page 16
2024-12-10 10:12:57,535 - INFO - Created 5 nodes for page 17
2024-12-10 10:12:57,535 - INFO - Created 6 nodes for page 18
2024-12-10 10:12:57,535 - INFO - Created 6 nodes for page 19
2024-12-10 10:12:57,535 - INFO - Created 6 nodes for page 20
2024-12-10 10:12:57,535 - INFO - Created 8 nodes for page 21
2024-12-10 10:12:57,535 - INFO - Created 4 nodes for page 22
2024-12-10 10:12:57,535 - INFO - Created 8 nodes for page 23
2024-12-10 10:12:57,535 - INFO - Created 4 nodes for page 24
2024-12-10 10:12:57,535 - INFO - Created 7 nodes for page 25
2024-12-10 10:12:57,535 - INFO - Created 7 nodes for page 26
2024-12-10 10:12:57,535 - INFO - Created 6 nodes for page 27
2024-12-10 10:12:57,535 - INFO - Created 6 nodes for page 28
2024-12-10 10:12:57,536 - INFO - Created 5 nodes for page 29
2024-12-10 10:12:57,536 - INFO - Created 9 nodes for page 30
2024-12-10 10:12:57,536 - INFO - Created 5 nodes for page 31
2024-12-10 10:12:57,536 - INFO - Created 4 nodes for page 32
2024-12-10 10:12:57,541 - INFO - Saved nodes to node_outputs/sixth_pipeline_nodes.pkl
2024-12-10 10:12:57,541 - INFO - Saved summary to node_outputs/sixth_pipeline_summary.json
2024-12-10 15:03:26,502 - INFO - Beginning hierarchical node creation process...
2024-12-10 15:03:26,505 - INFO - Processing document: 920-3000 20230321_Brochure-WebSize.pdf
2024-12-10 15:03:26,505 - ERROR - Hierarchical node creation failed: 'pipeline_info'
2024-12-10 15:04:21,033 - INFO - Beginning hierarchical node creation process...
2024-12-10 15:04:21,035 - INFO - Processing document: 920-3000 20230321_Brochure-WebSize.pdf
2024-12-10 15:04:21,062 - INFO - Created 7 nodes for page 1
2024-12-10 15:04:21,065 - INFO - Created 14 nodes for page 2
2024-12-10 15:04:21,066 - INFO - Created 7 nodes for page 3
2024-12-10 15:04:21,068 - INFO - Created 9 nodes for page 4
2024-12-10 15:04:21,069 - INFO - Created 9 nodes for page 5
2024-12-10 15:04:21,071 - INFO - Created 9 nodes for page 6
2024-12-10 15:04:21,072 - INFO - Created 8 nodes for page 7
2024-12-10 15:04:21,073 - INFO - Created 8 nodes for page 8
2024-12-10 15:04:21,075 - INFO - Created 9 nodes for page 9
2024-12-10 15:04:21,078 - INFO - Created 15 nodes for page 10
2024-12-10 15:04:21,080 - INFO - Created 12 nodes for page 11
2024-12-10 15:04:21,081 - INFO - Created 9 nodes for page 12
2024-12-10 15:04:21,082 - INFO - Created 9 nodes for page 13
2024-12-10 15:04:21,084 - INFO - Created 8 nodes for page 14
2024-12-10 15:04:21,085 - INFO - Created 8 nodes for page 15
2024-12-10 15:04:21,087 - INFO - Created 11 nodes for page 16
2024-12-10 15:04:21,088 - INFO - Created 7 nodes for page 17
2024-12-10 15:04:21,089 - INFO - Created 9 nodes for page 18
2024-12-10 15:04:21,090 - INFO - Created 7 nodes for page 19
2024-12-10 15:04:21,091 - INFO - Created 8 nodes for page 20
2024-12-10 15:04:21,093 - INFO - Created 12 nodes for page 21
2024-12-10 15:04:21,095 - INFO - Created 8 nodes for page 22
2024-12-10 15:04:21,096 - INFO - Created 7 nodes for page 23
2024-12-10 15:04:21,098 - INFO - Created 7 nodes for page 24
2024-12-10 15:04:21,099 - INFO - Created 9 nodes for page 25
2024-12-10 15:04:21,101 - INFO - Created 12 nodes for page 26
2024-12-10 15:04:21,102 - INFO - Created 8 nodes for page 27
2024-12-10 15:04:21,104 - INFO - Created 9 nodes for page 28
2024-12-10 15:04:21,105 - INFO - Created 8 nodes for page 29
2024-12-10 15:04:21,107 - INFO - Created 11 nodes for page 30
2024-12-10 15:04:21,108 - INFO - Created 8 nodes for page 31
2024-12-10 15:04:21,109 - INFO - Created 6 nodes for page 32
2024-12-10 15:04:21,120 - ERROR - Hierarchical node creation failed: Object of type RelatedNodeInfo is not JSON serializable
2024-12-10 15:17:13,263 - INFO - Beginning hierarchical node creation process...
2024-12-10 15:17:13,267 - INFO - Processing document: 920-3000 20230321_Brochure-WebSize.pdf
2024-12-10 15:17:13,297 - INFO - Created 7 nodes for page 1
2024-12-10 15:17:13,300 - INFO - Created 14 nodes for page 2
2024-12-10 15:17:13,301 - INFO - Created 7 nodes for page 3
2024-12-10 15:17:13,303 - INFO - Created 9 nodes for page 4
2024-12-10 15:17:13,304 - INFO - Created 9 nodes for page 5
2024-12-10 15:17:13,305 - INFO - Created 9 nodes for page 6
2024-12-10 15:17:13,307 - INFO - Created 8 nodes for page 7
2024-12-10 15:17:13,308 - INFO - Created 8 nodes for page 8
2024-12-10 15:17:13,309 - INFO - Created 9 nodes for page 9
2024-12-10 15:17:13,312 - INFO - Created 15 nodes for page 10
2024-12-10 15:17:13,314 - INFO - Created 12 nodes for page 11
2024-12-10 15:17:13,315 - INFO - Created 9 nodes for page 12
2024-12-10 15:17:13,317 - INFO - Created 9 nodes for page 13
2024-12-10 15:17:13,318 - INFO - Created 8 nodes for page 14
2024-12-10 15:17:13,319 - INFO - Created 8 nodes for page 15
2024-12-10 15:17:13,321 - INFO - Created 11 nodes for page 16
2024-12-10 15:17:13,322 - INFO - Created 7 nodes for page 17
2024-12-10 15:17:13,323 - INFO - Created 9 nodes for page 18
2024-12-10 15:17:13,324 - INFO - Created 7 nodes for page 19
2024-12-10 15:17:13,325 - INFO - Created 8 nodes for page 20
2024-12-10 15:17:13,327 - INFO - Created 12 nodes for page 21
2024-12-10 15:17:13,329 - INFO - Created 8 nodes for page 22
2024-12-10 15:17:13,330 - INFO - Created 7 nodes for page 23
2024-12-10 15:17:13,331 - INFO - Created 7 nodes for page 24
2024-12-10 15:17:13,333 - INFO - Created 9 nodes for page 25
2024-12-10 15:17:13,334 - INFO - Created 12 nodes for page 26
2024-12-10 15:17:13,335 - INFO - Created 8 nodes for page 27
2024-12-10 15:17:13,337 - INFO - Created 9 nodes for page 28
2024-12-10 15:17:13,338 - INFO - Created 8 nodes for page 29
2024-12-10 15:17:13,340 - INFO - Created 11 nodes for page 30
2024-12-10 15:17:13,341 - INFO - Created 8 nodes for page 31
2024-12-10 15:17:13,342 - INFO - Created 6 nodes for page 32
2024-12-10 15:17:13,354 - ERROR - Hierarchical node creation failed: Object of type RelatedNodeInfo is not JSON serializable
2024-12-10 15:26:06,279 - INFO - Beginning hierarchical node creation process...
2024-12-10 15:26:06,283 - INFO - Processing document: 920-3000 20230321_Brochure-WebSize.pdf
2024-12-10 15:26:06,315 - INFO - Created 7 nodes for page 1
2024-12-10 15:26:06,318 - INFO - Created 14 nodes for page 2
2024-12-10 15:26:06,319 - INFO - Created 7 nodes for page 3
2024-12-10 15:26:06,321 - INFO - Created 9 nodes for page 4
2024-12-10 15:26:06,322 - INFO - Created 9 nodes for page 5
2024-12-10 15:26:06,323 - INFO - Created 9 nodes for page 6
2024-12-10 15:26:06,325 - INFO - Created 8 nodes for page 7
2024-12-10 15:26:06,326 - INFO - Created 8 nodes for page 8
2024-12-10 15:26:06,327 - INFO - Created 9 nodes for page 9
2024-12-10 15:26:06,330 - INFO - Created 15 nodes for page 10
2024-12-10 15:26:06,332 - INFO - Created 12 nodes for page 11
2024-12-10 15:26:06,334 - INFO - Created 9 nodes for page 12
2024-12-10 15:26:06,335 - INFO - Created 9 nodes for page 13
2024-12-10 15:26:06,336 - INFO - Created 8 nodes for page 14
2024-12-10 15:26:06,337 - INFO - Created 8 nodes for page 15
2024-12-10 15:26:06,339 - INFO - Created 11 nodes for page 16
2024-12-10 15:26:06,340 - INFO - Created 7 nodes for page 17
2024-12-10 15:26:06,341 - INFO - Created 9 nodes for page 18
2024-12-10 15:26:06,342 - INFO - Created 7 nodes for page 19
2024-12-10 15:26:06,343 - INFO - Created 8 nodes for page 20
2024-12-10 15:26:06,345 - INFO - Created 12 nodes for page 21
2024-12-10 15:26:06,347 - INFO - Created 8 nodes for page 22
2024-12-10 15:26:06,348 - INFO - Created 7 nodes for page 23
2024-12-10 15:26:06,349 - INFO - Created 7 nodes for page 24
2024-12-10 15:26:06,351 - INFO - Created 9 nodes for page 25
2024-12-10 15:26:06,353 - INFO - Created 12 nodes for page 26
2024-12-10 15:26:06,354 - INFO - Created 8 nodes for page 27
2024-12-10 15:26:06,355 - INFO - Created 9 nodes for page 28
2024-12-10 15:26:06,356 - INFO - Created 8 nodes for page 29
2024-12-10 15:26:06,358 - INFO - Created 11 nodes for page 30
2024-12-10 15:26:06,359 - INFO - Created 8 nodes for page 31
2024-12-10 15:26:06,360 - INFO - Created 6 nodes for page 32
2024-12-10 15:26:06,362 - INFO - Detailed hierarchy analysis has been written to analysis/seventh_pipeline_hierarchy_analysis.txt
2024-12-10 15:26:06,362 - INFO - 
Quick Analysis Summary:
2024-12-10 15:26:06,362 - INFO - Level 0: 281 nodes
2024-12-10 15:26:06,362 - INFO - Level 2: 7 nodes
2024-12-10 16:06:05,828 - INFO - Beginning hierarchical node creation process...
2024-12-10 16:06:05,829 - INFO - Processing document: 920-3000 20230321_Brochure-WebSize.pdf
2024-12-10 16:06:05,829 - INFO - Created 5 nodes for page 1
2024-12-10 16:06:05,829 - INFO - Created 6 nodes for page 2
2024-12-10 16:06:05,830 - INFO - Created 5 nodes for page 3
2024-12-10 16:06:05,830 - INFO - Created 6 nodes for page 4
2024-12-10 16:06:05,830 - INFO - Created 6 nodes for page 5
2024-12-10 16:06:05,830 - INFO - Created 3 nodes for page 6
2024-12-10 16:06:05,830 - INFO - Created 5 nodes for page 7
2024-12-10 16:06:05,830 - INFO - Created 5 nodes for page 8
2024-12-10 16:06:05,830 - INFO - Created 6 nodes for page 9
2024-12-10 16:06:05,830 - INFO - Created 6 nodes for page 10
2024-12-10 16:06:05,830 - INFO - Created 12 nodes for page 11
2024-12-10 16:06:05,830 - INFO - Created 3 nodes for page 12
2024-12-10 16:06:05,831 - INFO - Created 7 nodes for page 13
2024-12-10 16:06:05,831 - INFO - Created 3 nodes for page 14
2024-12-10 16:06:05,831 - INFO - Created 5 nodes for page 15
2024-12-10 16:06:05,831 - INFO - Created 6 nodes for page 16
2024-12-10 16:06:05,831 - INFO - Created 5 nodes for page 17
2024-12-10 16:06:05,831 - INFO - Created 3 nodes for page 18
2024-12-10 16:06:05,831 - INFO - Created 6 nodes for page 19
2024-12-10 16:06:05,831 - INFO - Created 3 nodes for page 20
2024-12-10 16:06:05,831 - INFO - Created 8 nodes for page 21
2024-12-10 16:06:05,831 - INFO - Created 4 nodes for page 22
2024-12-10 16:06:05,831 - INFO - Created 8 nodes for page 23
2024-12-10 16:06:05,831 - INFO - Created 4 nodes for page 24
2024-12-10 16:06:05,832 - INFO - Created 7 nodes for page 25
2024-12-10 16:06:05,832 - INFO - Created 4 nodes for page 26
2024-12-10 16:06:05,832 - INFO - Created 6 nodes for page 27
2024-12-10 16:06:05,832 - INFO - Created 3 nodes for page 28
2024-12-10 16:06:05,832 - INFO - Created 5 nodes for page 29
2024-12-10 16:06:05,832 - INFO - Created 6 nodes for page 30
2024-12-10 16:06:05,832 - INFO - Created 5 nodes for page 31
2024-12-10 16:06:05,832 - INFO - Created 4 nodes for page 32
2024-12-10 16:06:05,834 - ERROR - Hierarchical node creation failed: 'set' object is not subscriptable
2024-12-10 16:06:44,106 - INFO - Beginning hierarchical node creation process...
2024-12-10 16:06:44,107 - INFO - Processing document: 920-3000 20230321_Brochure-WebSize.pdf
2024-12-10 16:06:44,107 - INFO - Created 5 nodes for page 1
2024-12-10 16:06:44,107 - INFO - Created 6 nodes for page 2
2024-12-10 16:06:44,108 - INFO - Created 5 nodes for page 3
2024-12-10 16:06:44,108 - INFO - Created 6 nodes for page 4
2024-12-10 16:06:44,108 - INFO - Created 6 nodes for page 5
2024-12-10 16:06:44,108 - INFO - Created 3 nodes for page 6
2024-12-10 16:06:44,108 - INFO - Created 5 nodes for page 7
2024-12-10 16:06:44,108 - INFO - Created 5 nodes for page 8
2024-12-10 16:06:44,108 - INFO - Created 6 nodes for page 9
2024-12-10 16:06:44,108 - INFO - Created 6 nodes for page 10
2024-12-10 16:06:44,108 - INFO - Created 12 nodes for page 11
2024-12-10 16:06:44,108 - INFO - Created 3 nodes for page 12
2024-12-10 16:06:44,108 - INFO - Created 7 nodes for page 13
2024-12-10 16:06:44,109 - INFO - Created 3 nodes for page 14
2024-12-10 16:06:44,109 - INFO - Created 5 nodes for page 15
2024-12-10 16:06:44,109 - INFO - Created 6 nodes for page 16
2024-12-10 16:06:44,109 - INFO - Created 5 nodes for page 17
2024-12-10 16:06:44,109 - INFO - Created 3 nodes for page 18
2024-12-10 16:06:44,109 - INFO - Created 6 nodes for page 19
2024-12-10 16:06:44,109 - INFO - Created 3 nodes for page 20
2024-12-10 16:06:44,109 - INFO - Created 8 nodes for page 21
2024-12-10 16:06:44,109 - INFO - Created 4 nodes for page 22
2024-12-10 16:06:44,109 - INFO - Created 8 nodes for page 23
2024-12-10 16:06:44,109 - INFO - Created 4 nodes for page 24
2024-12-10 16:06:44,110 - INFO - Created 7 nodes for page 25
2024-12-10 16:06:44,110 - INFO - Created 4 nodes for page 26
2024-12-10 16:06:44,110 - INFO - Created 6 nodes for page 27
2024-12-10 16:06:44,110 - INFO - Created 3 nodes for page 28
2024-12-10 16:06:44,110 - INFO - Created 5 nodes for page 29
2024-12-10 16:06:44,110 - INFO - Created 6 nodes for page 30
2024-12-10 16:06:44,110 - INFO - Created 5 nodes for page 31
2024-12-10 16:06:44,110 - INFO - Created 4 nodes for page 32
2024-12-10 16:06:44,111 - ERROR - Hierarchical node creation failed: 'set' object is not subscriptable
2024-12-10 16:10:55,722 - INFO - Beginning hierarchical node creation process...
2024-12-10 16:10:55,724 - INFO - Processing document: 920-3000 20230321_Brochure-WebSize.pdf
2024-12-10 16:10:55,725 - INFO - Created 5 nodes for page 1
2024-12-10 16:10:55,725 - INFO - Created 6 nodes for page 2
2024-12-10 16:10:55,725 - INFO - Created 5 nodes for page 3
2024-12-10 16:10:55,725 - INFO - Created 6 nodes for page 4
2024-12-10 16:10:55,725 - INFO - Created 6 nodes for page 5
2024-12-10 16:10:55,725 - INFO - Created 3 nodes for page 6
2024-12-10 16:10:55,725 - INFO - Created 5 nodes for page 7
2024-12-10 16:10:55,726 - INFO - Created 5 nodes for page 8
2024-12-10 16:10:55,726 - INFO - Created 6 nodes for page 9
2024-12-10 16:10:55,726 - INFO - Created 6 nodes for page 10
2024-12-10 16:10:55,726 - INFO - Created 12 nodes for page 11
2024-12-10 16:10:55,726 - INFO - Created 3 nodes for page 12
2024-12-10 16:10:55,726 - INFO - Created 7 nodes for page 13
2024-12-10 16:10:55,726 - INFO - Created 3 nodes for page 14
2024-12-10 16:10:55,726 - INFO - Created 5 nodes for page 15
2024-12-10 16:10:55,727 - INFO - Created 6 nodes for page 16
2024-12-10 16:10:55,727 - INFO - Created 5 nodes for page 17
2024-12-10 16:10:55,727 - INFO - Created 3 nodes for page 18
2024-12-10 16:10:55,727 - INFO - Created 6 nodes for page 19
2024-12-10 16:10:55,727 - INFO - Created 3 nodes for page 20
2024-12-10 16:10:55,727 - INFO - Created 8 nodes for page 21
2024-12-10 16:10:55,727 - INFO - Created 4 nodes for page 22
2024-12-10 16:10:55,727 - INFO - Created 8 nodes for page 23
2024-12-10 16:10:55,727 - INFO - Created 4 nodes for page 24
2024-12-10 16:10:55,728 - INFO - Created 7 nodes for page 25
2024-12-10 16:10:55,728 - INFO - Created 4 nodes for page 26
2024-12-10 16:10:55,728 - INFO - Created 6 nodes for page 27
2024-12-10 16:10:55,728 - INFO - Created 3 nodes for page 28
2024-12-10 16:10:55,728 - INFO - Created 5 nodes for page 29
2024-12-10 16:10:55,728 - INFO - Created 6 nodes for page 30
2024-12-10 16:10:55,728 - INFO - Created 5 nodes for page 31
2024-12-10 16:10:55,728 - INFO - Created 4 nodes for page 32
2024-12-10 16:10:55,730 - ERROR - Hierarchical node creation failed: 'set' object is not subscriptable
2024-12-10 16:15:06,149 - INFO - Beginning hierarchical node creation process...
2024-12-10 16:15:06,152 - INFO - Processing document: 920-3000 20230321_Brochure-WebSize.pdf
2024-12-10 16:15:06,152 - INFO - Created 5 nodes for page 1
2024-12-10 16:15:06,152 - INFO - Created 6 nodes for page 2
2024-12-10 16:15:06,152 - INFO - Created 5 nodes for page 3
2024-12-10 16:15:06,153 - INFO - Created 6 nodes for page 4
2024-12-10 16:15:06,153 - INFO - Created 6 nodes for page 5
2024-12-10 16:15:06,153 - INFO - Created 3 nodes for page 6
2024-12-10 16:15:06,153 - INFO - Created 5 nodes for page 7
2024-12-10 16:15:06,153 - INFO - Created 5 nodes for page 8
2024-12-10 16:15:06,153 - INFO - Created 6 nodes for page 9
2024-12-10 16:15:06,153 - INFO - Created 6 nodes for page 10
2024-12-10 16:15:06,153 - INFO - Created 12 nodes for page 11
2024-12-10 16:15:06,154 - INFO - Created 3 nodes for page 12
2024-12-10 16:15:06,154 - INFO - Created 7 nodes for page 13
2024-12-10 16:15:06,154 - INFO - Created 3 nodes for page 14
2024-12-10 16:15:06,154 - INFO - Created 5 nodes for page 15
2024-12-10 16:15:06,154 - INFO - Created 6 nodes for page 16
2024-12-10 16:15:06,154 - INFO - Created 5 nodes for page 17
2024-12-10 16:15:06,154 - INFO - Created 3 nodes for page 18
2024-12-10 16:15:06,154 - INFO - Created 6 nodes for page 19
2024-12-10 16:15:06,154 - INFO - Created 3 nodes for page 20
2024-12-10 16:15:06,155 - INFO - Created 8 nodes for page 21
2024-12-10 16:15:06,155 - INFO - Created 4 nodes for page 22
2024-12-10 16:15:06,155 - INFO - Created 8 nodes for page 23
2024-12-10 16:15:06,155 - INFO - Created 4 nodes for page 24
2024-12-10 16:15:06,155 - INFO - Created 7 nodes for page 25
2024-12-10 16:15:06,155 - INFO - Created 4 nodes for page 26
2024-12-10 16:15:06,155 - INFO - Created 6 nodes for page 27
2024-12-10 16:15:06,155 - INFO - Created 3 nodes for page 28
2024-12-10 16:15:06,155 - INFO - Created 5 nodes for page 29
2024-12-10 16:15:06,156 - INFO - Created 6 nodes for page 30
2024-12-10 16:15:06,156 - INFO - Created 5 nodes for page 31
2024-12-10 16:15:06,156 - INFO - Created 4 nodes for page 32
2024-12-10 16:15:06,158 - ERROR - Hierarchical node creation failed: 'set' object is not subscriptable
2024-12-10 16:18:13,944 - INFO - Beginning hierarchical node creation process...
2024-12-10 16:18:13,946 - INFO - Processing document: 920-3000 20230321_Brochure-WebSize.pdf
2024-12-10 16:18:13,946 - INFO - Created 5 nodes for page 1
2024-12-10 16:18:13,946 - INFO - Created 6 nodes for page 2
2024-12-10 16:18:13,946 - INFO - Created 5 nodes for page 3
2024-12-10 16:18:13,947 - INFO - Created 6 nodes for page 4
2024-12-10 16:18:13,947 - INFO - Created 6 nodes for page 5
2024-12-10 16:18:13,947 - INFO - Created 3 nodes for page 6
2024-12-10 16:18:13,947 - INFO - Created 5 nodes for page 7
2024-12-10 16:18:13,947 - INFO - Created 5 nodes for page 8
2024-12-10 16:18:13,947 - INFO - Created 6 nodes for page 9
2024-12-10 16:18:13,947 - INFO - Created 6 nodes for page 10
2024-12-10 16:18:13,947 - INFO - Created 12 nodes for page 11
2024-12-10 16:18:13,947 - INFO - Created 3 nodes for page 12
2024-12-10 16:18:13,947 - INFO - Created 7 nodes for page 13
2024-12-10 16:18:13,948 - INFO - Created 3 nodes for page 14
2024-12-10 16:18:13,948 - INFO - Created 5 nodes for page 15
2024-12-10 16:18:13,948 - INFO - Created 6 nodes for page 16
2024-12-10 16:18:13,948 - INFO - Created 5 nodes for page 17
2024-12-10 16:18:13,948 - INFO - Created 3 nodes for page 18
2024-12-10 16:18:13,948 - INFO - Created 6 nodes for page 19
2024-12-10 16:18:13,948 - INFO - Created 3 nodes for page 20
2024-12-10 16:18:13,948 - INFO - Created 8 nodes for page 21
2024-12-10 16:18:13,948 - INFO - Created 4 nodes for page 22
2024-12-10 16:18:13,948 - INFO - Created 8 nodes for page 23
2024-12-10 16:18:13,948 - INFO - Created 4 nodes for page 24
2024-12-10 16:18:13,949 - INFO - Created 7 nodes for page 25
2024-12-10 16:18:13,949 - INFO - Created 4 nodes for page 26
2024-12-10 16:18:13,949 - INFO - Created 6 nodes for page 27
2024-12-10 16:18:13,949 - INFO - Created 3 nodes for page 28
2024-12-10 16:18:13,949 - INFO - Created 5 nodes for page 29
2024-12-10 16:18:13,949 - INFO - Created 6 nodes for page 30
2024-12-10 16:18:13,949 - INFO - Created 5 nodes for page 31
2024-12-10 16:18:13,949 - INFO - Created 4 nodes for page 32
2024-12-10 16:18:13,950 - ERROR - Hierarchical node creation failed: 'set' object is not subscriptable
2024-12-10 16:23:54,186 - INFO - Beginning hierarchical node creation process...
2024-12-10 16:23:54,188 - INFO - Processing document: 920-3000 20230321_Brochure-WebSize.pdf
2024-12-10 16:23:54,188 - INFO - Created 5 nodes for page 1
2024-12-10 16:23:54,188 - INFO - Created 6 nodes for page 2
2024-12-10 16:23:54,188 - INFO - Created 5 nodes for page 3
2024-12-10 16:23:54,188 - INFO - Created 6 nodes for page 4
2024-12-10 16:23:54,188 - INFO - Created 6 nodes for page 5
2024-12-10 16:23:54,189 - INFO - Created 3 nodes for page 6
2024-12-10 16:23:54,189 - INFO - Created 5 nodes for page 7
2024-12-10 16:23:54,189 - INFO - Created 5 nodes for page 8
2024-12-10 16:23:54,189 - INFO - Created 6 nodes for page 9
2024-12-10 16:23:54,189 - INFO - Created 6 nodes for page 10
2024-12-10 16:23:54,189 - INFO - Created 12 nodes for page 11
2024-12-10 16:23:54,189 - INFO - Created 3 nodes for page 12
2024-12-10 16:23:54,189 - INFO - Created 7 nodes for page 13
2024-12-10 16:23:54,190 - INFO - Created 3 nodes for page 14
2024-12-10 16:23:54,190 - INFO - Created 5 nodes for page 15
2024-12-10 16:23:54,190 - INFO - Created 6 nodes for page 16
2024-12-10 16:23:54,190 - INFO - Created 5 nodes for page 17
2024-12-10 16:23:54,190 - INFO - Created 3 nodes for page 18
2024-12-10 16:23:54,190 - INFO - Created 6 nodes for page 19
2024-12-10 16:23:54,190 - INFO - Created 3 nodes for page 20
2024-12-10 16:23:54,190 - INFO - Created 8 nodes for page 21
2024-12-10 16:23:54,190 - INFO - Created 4 nodes for page 22
2024-12-10 16:23:54,191 - INFO - Created 8 nodes for page 23
2024-12-10 16:23:54,191 - INFO - Created 4 nodes for page 24
2024-12-10 16:23:54,191 - INFO - Created 7 nodes for page 25
2024-12-10 16:23:54,191 - INFO - Created 4 nodes for page 26
2024-12-10 16:23:54,191 - INFO - Created 6 nodes for page 27
2024-12-10 16:23:54,191 - INFO - Created 3 nodes for page 28
2024-12-10 16:23:54,191 - INFO - Created 5 nodes for page 29
2024-12-10 16:23:54,191 - INFO - Created 6 nodes for page 30
2024-12-10 16:23:54,192 - INFO - Created 5 nodes for page 31
2024-12-10 16:23:54,192 - INFO - Created 4 nodes for page 32
2024-12-10 16:28:41,001 - INFO - Beginning hierarchical node creation process...
2024-12-10 16:28:41,004 - INFO - Processing document: 920-3000 20230321_Brochure-WebSize.pdf
2024-12-10 16:28:41,004 - INFO - Created 5 nodes for page 1
2024-12-10 16:28:41,004 - INFO - Created 6 nodes for page 2
2024-12-10 16:28:41,005 - INFO - Created 5 nodes for page 3
2024-12-10 16:28:41,005 - INFO - Created 6 nodes for page 4
2024-12-10 16:28:41,005 - INFO - Created 6 nodes for page 5
2024-12-10 16:28:41,005 - INFO - Created 3 nodes for page 6
2024-12-10 16:28:41,005 - INFO - Created 5 nodes for page 7
2024-12-10 16:28:41,005 - INFO - Created 5 nodes for page 8
2024-12-10 16:28:41,005 - INFO - Created 6 nodes for page 9
2024-12-10 16:28:41,005 - INFO - Created 6 nodes for page 10
2024-12-10 16:28:41,006 - INFO - Created 12 nodes for page 11
2024-12-10 16:28:41,006 - INFO - Created 3 nodes for page 12
2024-12-10 16:28:41,006 - INFO - Created 7 nodes for page 13
2024-12-10 16:28:41,006 - INFO - Created 3 nodes for page 14
2024-12-10 16:28:41,006 - INFO - Created 5 nodes for page 15
2024-12-10 16:28:41,006 - INFO - Created 6 nodes for page 16
2024-12-10 16:28:41,006 - INFO - Created 5 nodes for page 17
2024-12-10 16:28:41,006 - INFO - Created 3 nodes for page 18
2024-12-10 16:28:41,007 - INFO - Created 6 nodes for page 19
2024-12-10 16:28:41,007 - INFO - Created 3 nodes for page 20
2024-12-10 16:28:41,007 - INFO - Created 8 nodes for page 21
2024-12-10 16:28:41,007 - INFO - Created 4 nodes for page 22
2024-12-10 16:28:41,007 - INFO - Created 8 nodes for page 23
2024-12-10 16:28:41,007 - INFO - Created 4 nodes for page 24
2024-12-10 16:28:41,007 - INFO - Created 7 nodes for page 25
2024-12-10 16:28:41,007 - INFO - Created 4 nodes for page 26
2024-12-10 16:28:41,008 - INFO - Created 6 nodes for page 27
2024-12-10 16:28:41,008 - INFO - Created 3 nodes for page 28
2024-12-10 16:28:41,008 - INFO - Created 5 nodes for page 29
2024-12-10 16:28:41,008 - INFO - Created 6 nodes for page 30
2024-12-10 16:28:41,008 - INFO - Created 5 nodes for page 31
2024-12-10 16:28:41,008 - INFO - Created 4 nodes for page 32
2024-12-10 16:28:41,010 - INFO - Analysis has been written to analysis/seventh_pipeline_hierarchy_analysis.txt
2024-12-10 16:28:41,010 - INFO - Found 0 level 2 nodes on page 10
2024-12-10 16:29:21,013 - INFO - Beginning hierarchical node creation process...
2024-12-10 16:29:21,015 - INFO - Processing document: 920-3000 20230321_Brochure-WebSize.pdf
2024-12-10 16:29:21,016 - INFO - Created 5 nodes for page 1
2024-12-10 16:29:21,016 - INFO - Created 6 nodes for page 2
2024-12-10 16:29:21,016 - INFO - Created 5 nodes for page 3
2024-12-10 16:29:21,016 - INFO - Created 6 nodes for page 4
2024-12-10 16:29:21,016 - INFO - Created 6 nodes for page 5
2024-12-10 16:29:21,016 - INFO - Created 3 nodes for page 6
2024-12-10 16:29:21,016 - INFO - Created 5 nodes for page 7
2024-12-10 16:29:21,016 - INFO - Created 5 nodes for page 8
2024-12-10 16:29:21,016 - INFO - Created 6 nodes for page 9
2024-12-10 16:29:21,016 - INFO - Created 6 nodes for page 10
2024-12-10 16:29:21,017 - INFO - Created 12 nodes for page 11
2024-12-10 16:29:21,017 - INFO - Created 3 nodes for page 12
2024-12-10 16:29:21,017 - INFO - Created 7 nodes for page 13
2024-12-10 16:29:21,017 - INFO - Created 3 nodes for page 14
2024-12-10 16:29:21,017 - INFO - Created 5 nodes for page 15
2024-12-10 16:29:21,017 - INFO - Created 6 nodes for page 16
2024-12-10 16:29:21,017 - INFO - Created 5 nodes for page 17
2024-12-10 16:29:21,017 - INFO - Created 3 nodes for page 18
2024-12-10 16:29:21,017 - INFO - Created 6 nodes for page 19
2024-12-10 16:29:21,017 - INFO - Created 3 nodes for page 20
2024-12-10 16:29:21,017 - INFO - Created 8 nodes for page 21
2024-12-10 16:29:21,018 - INFO - Created 4 nodes for page 22
2024-12-10 16:29:21,018 - INFO - Created 8 nodes for page 23
2024-12-10 16:29:21,018 - INFO - Created 4 nodes for page 24
2024-12-10 16:29:21,018 - INFO - Created 7 nodes for page 25
2024-12-10 16:29:21,018 - INFO - Created 4 nodes for page 26
2024-12-10 16:29:21,018 - INFO - Created 6 nodes for page 27
2024-12-10 16:29:21,018 - INFO - Created 3 nodes for page 28
2024-12-10 16:29:21,018 - INFO - Created 5 nodes for page 29
2024-12-10 16:29:21,018 - INFO - Created 6 nodes for page 30
2024-12-10 16:29:21,019 - INFO - Created 5 nodes for page 31
2024-12-10 16:29:21,019 - INFO - Created 4 nodes for page 32
2024-12-10 16:29:21,020 - INFO - Analysis has been written to analysis/seventh_pipeline_hierarchy_analysis.txt
2024-12-10 16:29:21,020 - INFO - Found 5 level 2 nodes on page 10
2024-12-10 16:31:51,746 - INFO - Beginning hierarchical node creation process...
2024-12-10 16:31:51,748 - INFO - Processing document: 920-3000 20230321_Brochure-WebSize.pdf
2024-12-10 16:31:51,748 - INFO - Created 5 nodes for page 1
2024-12-10 16:31:51,748 - INFO - Created 6 nodes for page 2
2024-12-10 16:31:51,748 - INFO - Created 5 nodes for page 3
2024-12-10 16:31:51,748 - INFO - Created 6 nodes for page 4
2024-12-10 16:31:51,749 - INFO - Created 6 nodes for page 5
2024-12-10 16:31:51,749 - INFO - Created 3 nodes for page 6
2024-12-10 16:31:51,749 - INFO - Created 5 nodes for page 7
2024-12-10 16:31:51,749 - INFO - Created 5 nodes for page 8
2024-12-10 16:31:51,749 - INFO - Created 6 nodes for page 9
2024-12-10 16:31:51,749 - INFO - Created 6 nodes for page 10
2024-12-10 16:31:51,749 - INFO - Created 12 nodes for page 11
2024-12-10 16:31:51,749 - INFO - Created 3 nodes for page 12
2024-12-10 16:31:51,749 - INFO - Created 7 nodes for page 13
2024-12-10 16:31:51,749 - INFO - Created 3 nodes for page 14
2024-12-10 16:31:51,749 - INFO - Created 5 nodes for page 15
2024-12-10 16:31:51,750 - INFO - Created 6 nodes for page 16
2024-12-10 16:31:51,750 - INFO - Created 5 nodes for page 17
2024-12-10 16:31:51,750 - INFO - Created 3 nodes for page 18
2024-12-10 16:31:51,750 - INFO - Created 6 nodes for page 19
2024-12-10 16:31:51,750 - INFO - Created 3 nodes for page 20
2024-12-10 16:31:51,750 - INFO - Created 8 nodes for page 21
2024-12-10 16:31:51,750 - INFO - Created 4 nodes for page 22
2024-12-10 16:31:51,750 - INFO - Created 8 nodes for page 23
2024-12-10 16:31:51,750 - INFO - Created 4 nodes for page 24
2024-12-10 16:31:51,750 - INFO - Created 7 nodes for page 25
2024-12-10 16:31:51,750 - INFO - Created 4 nodes for page 26
2024-12-10 16:31:51,751 - INFO - Created 6 nodes for page 27
2024-12-10 16:31:51,751 - INFO - Created 3 nodes for page 28
2024-12-10 16:31:51,751 - INFO - Created 5 nodes for page 29
2024-12-10 16:31:51,751 - INFO - Created 6 nodes for page 30
2024-12-10 16:31:51,751 - INFO - Created 5 nodes for page 31
2024-12-10 16:31:51,751 - INFO - Created 4 nodes for page 32
2024-12-10 16:31:51,752 - INFO - Found 1 level 0 nodes on page 10
2024-12-10 16:31:51,752 - INFO - Found 5 level 1 nodes on page 10
2024-12-10 16:31:51,752 - INFO - Found 0 level 2 nodes on page 10
2024-12-10 16:31:51,752 - INFO - Detailed analysis has been written to analysis/seventh_pipeline_hierarchy_analysis.txt
